<?xml version="1.0" encoding="UTF-8"?>
<!-- Generated by org.testng.reporters.JUnitReportReporter -->
<testsuite name="SelDemo" tests="1" time="0.008" ignored="0" failures="0" timestamp="30 Jan 2017 07:48:49 GMT" skipped="0" hostname="WKSP00075683" errors="0">
  <testcase name="testdemo" time="0.008" classname="SelDemo"/>
</testsuite> <!-- SelDemo -->
