<?xml version="1.0" encoding="UTF-8"?>
<!-- Generated by org.testng.reporters.JUnitReportReporter -->
<testsuite name="AMX.SelDemo" tests="1" time="0.010" ignored="0" failures="0" timestamp="30 Jan 2017 08:57:36 GMT" skipped="0" hostname="WKSP00075683" errors="0">
  <testcase name="testdemo" time="0.010" classname="AMX.SelDemo"/>
</testsuite> <!-- AMX.SelDemo -->
